Date:22:17:05 	 IP:127.0.0.1 	 account=null 	 content=同班同学 	 relevance=null 	 result=我的同班同学 
Date:22:17:30 	 IP:127.0.0.1 	 account=null 	 content=田晓光老师的电话是多少 	 relevance=null 	 result=田晓光老师的联系电话是24680 
Date:22:17:42 	 IP:127.0.0.1 	 account=null 	 content=刘伟松老师的电话是多少 	 relevance=null 	 result=刘伟松老师的联系电话是13579 
Date:22:25:13 	 IP:127.0.0.1 	 account=null 	 content=刘伟松老师的电话是多少 	 relevance=null 	 result=刘伟松老师的联系电话是13579

相似答案：
 
Date:22:25:29 	 IP:127.0.0.1 	 account=null 	 content=辅导员电话 	 relevance=null 	 result=辅导员电话|null

相似答案：
 
Date:22:25:37 	 IP:127.0.0.1 	 account=null 	 content=导员电话 	 relevance=null 	 result=请问你要查询哪位老师的电话？

相似答案：
 
Date:22:25:45 	 IP:127.0.0.1 	 account=null 	 content=罗建导员电话 	 relevance=null 	 result=请问你要查询哪位老师的电话？

相似答案：
 
Date:22:25:52 	 IP:127.0.0.1 	 account=null 	 content=罗建老师电话 	 relevance=null 	 result=请问你要查询哪位老师的电话？

相似答案：
 
Date:22:26:31 	 IP:127.0.0.1 	 account=null 	 content=刘伟松老师电话 	 relevance=null 	 result=刘伟松老师的联系电话是13579

相似答案：
 
Date:22:26:43 	 IP:127.0.0.1 	 account=null 	 content=刘伟松老师 	 relevance=null 	 result=刘伟松老师的办公室在{result}

相似答案：
 
Date:22:27:25 	 IP:127.0.0.1 	 account=null 	 content=刘伟松老师 	 relevance=null 	 result=刘伟松老师的办公室在{result}

相似答案：
 
Date:22:27:28 	 IP:127.0.0.1 	 account=null 	 content=刘伟松老师 	 relevance=null 	 result=刘伟松老师的办公室在{result}

相似答案：
 
Date:22:27:29 	 IP:127.0.0.1 	 account=null 	 content=刘伟松老师 	 relevance=null 	 result=刘伟松老师的办公室在{result}

相似答案：
 
Date:22:27:43 	 IP:127.0.0.1 	 account=null 	 content=刘伟松老师帮手 	 relevance=null 	 result=刘伟松老师的办公室在{result}

相似答案：
 
Date:22:27:55 	 IP:127.0.0.1 	 account=null 	 content=刘伟松老师办公室 	 relevance=null 	 result=刘伟松老师的办公室在{result}

相似答案：
 
Date:22:27:59 	 IP:127.0.0.1 	 account=null 	 content=刘伟松老师手机 	 relevance=null 	 result=刘伟松老师的联系电话是13579

相似答案：
 
Date:22:28:36 	 IP:127.0.0.1 	 account=null 	 content=刘伟松老师手机 	 relevance=null 	 result=刘伟松老师的联系电话是13579

相似答案：


可能答案：
 
Date:22:29:17 	 IP:127.0.0.1 	 account=null 	 content=刘伟松老师 	 relevance=null 	 result=刘伟松老师的办公室在{result}

相似答案：


可能答案：
 
Date:22:31:51 	 IP:127.0.0.1 	 account=null 	 content=刘伟松老师 	 relevance=null 	 result=最佳答案：
刘伟松老师的办公室在{result}

相似答案：


可能答案：
 
Date:22:33:17 	 IP:127.0.0.1 	 account=null 	 content=刘伟松老师 	 relevance=null 	 result=最佳答案：
刘伟松老师的办公室在{result}

相似答案：


可能答案：
 
Date:22:38:20 	 IP:127.0.0.1 	 account=null 	 content=刘伟松老师 	 relevance=null 	 result=最佳答案：
刘伟松老师的办公室在{result}

相似答案：


可能答案：
 
Date:22:44:32 	 IP:127.0.0.1 	 account=null 	 content=刘伟松老师 	 relevance=null 	 result=最佳答案：
刘伟松老师的办公室在{result}

相似答案：
刘伟松老师的办公室在{result}
刘伟松老师的联系电话是13579


可能答案：
 
Date:22:46:53 	 IP:127.0.0.1 	 account=null 	 content=刘伟松老师 	 relevance=null 	 result=最佳答案：
刘伟松老师的办公室在{result}

相似答案：
刘伟松老师的办公室在{result}
刘伟松老师的联系电话是13579


可能答案：
 
Date:22:47:13 	 IP:127.0.0.1 	 account=null 	 content=刘伟松老师 	 relevance=null 	 result=最佳答案：
刘伟松老师的办公室在办公楼三楼A303（教务处）

相似答案：
刘伟松老师的办公室在办公楼三楼A303（教务处）
刘伟松老师的联系电话是13579


可能答案：
 
Date:22:53:06 	 IP:127.0.0.1 	 account=null 	 content=刘伟松老师 	 relevance=null 	 result=最佳答案：
刘伟松老师的办公室在办公楼三楼A303（教务处）

相似答案：
刘伟松老师的办公室在办公楼三楼A303（教务处）
刘伟松老师的联系电话是13579


可能答案：
 
Date:22:54:54 	 IP:127.0.0.1 	 account=null 	 content=刘伟松老师 	 relevance=null 	 result=最佳答案：
刘伟松老师的办公室在办公楼三楼A303（教务处）

相似答案：
刘伟松老师的联系电话是13579


可能答案：
 
Date:22:55:36 	 IP:127.0.0.1 	 account=null 	 content=刘伟松老师 	 relevance=null 	 result=最佳答案：
刘伟松老师的办公室在办公楼三楼A303（教务处）

相似答案：
刘伟松老师的联系电话是13579


可能答案：
 
Date:22:55:48 	 IP:127.0.0.1 	 account=null 	 content=刘老师 	 relevance=null 	 result=最佳答案：
你想查找哪位老师的办公室？

相似答案：
请问你要查询哪位老师的电话？


可能答案：
 
Date:22:56:02 	 IP:127.0.0.1 	 account=null 	 content=刘健老师 	 relevance=null 	 result=最佳答案：
刘健老师的办公室在办公楼三楼A305（党政办）

相似答案：
刘健老师的联系电话是12345


可能答案：
 
Date:22:56:23 	 IP:127.0.0.1 	 account=null 	 content=刘健老师联系电话 	 relevance=null 	 result=最佳答案：
刘健老师的联系电话是12345

相似答案：


可能答案：
学校联系电话是多少
 
Date:22:56:51 	 IP:127.0.0.1 	 account=null 	 content=你好 	 relevance=null 	 result=最佳答案：
你想查找哪位老师的办公室？

相似答案：


可能答案：
 
Date:22:57:01 	 IP:127.0.0.1 	 account=null 	 content=刘伟松老师的电话 	 relevance=null 	 result=最佳答案：
刘伟松老师的联系电话是13579

相似答案：


可能答案：
 
Date:22:57:15 	 IP:127.0.0.1 	 account=null 	 content=刘伟松老师手机号码是多少 	 relevance=null 	 result=最佳答案：
刘伟松老师的联系电话是13579

相似答案：


可能答案：
学校联系电话是多少
 
Date:22:57:34 	 IP:127.0.0.1 	 account=null 	 content=刘伟松老师 	 relevance=null 	 result=最佳答案：
刘伟松老师的办公室在办公楼三楼A303（教务处）

相似答案：
刘伟松老师的联系电话是13579


可能答案：
 
Date:23:03:20 	 IP:127.0.0.1 	 account=null 	 content=刘伟松老师手机 	 relevance=null 	 result=最佳答案：
刘伟松老师的联系电话是13579

相似答案：


可能答案：
 
Date:23:04:02 	 IP:127.0.0.1 	 account=null 	 content=刘伟松老师联系电话 	 relevance=null 	 result=最佳答案：
刘伟松老师的联系电话是13579

相似答案：


可能答案：
学校联系电话是多少
 
Date:23:04:06 	 IP:127.0.0.1 	 account=null 	 content=刘伟松老师的联系电话 	 relevance=null 	 result=最佳答案：
刘伟松老师的联系电话是13579

相似答案：


可能答案：
学校联系电话是多少
 
