Date:05:31:13 	 IP:127.0.0.1 	 account=null 	 content=刘伟松老师的联系电话 	 relevance=null 	 result=最佳答案：
刘伟松老师的联系电话是13579

相似答案：


可能答案：
学校联系电话是多少
 
Date:05:31:30 	 IP:127.0.0.1 	 account=null 	 content=学校联系电话 	 relevance=null 	 result=最佳答案：
学校联系电话是多少

相似答案：


可能答案：
学校的QQ群是多少
 
Date:05:34:04 	 IP:127.0.0.1 	 account=null 	 content=学校联系电话 	 relevance=null 	 result=最佳答案：
学校联系电话是多少

相似答案：


可能答案：
学校的QQ群是多少
 
Date:05:34:17 	 IP:127.0.0.1 	 account=null 	 content=学校联系电话 	 relevance=null 	 result=最佳答案：
北软联系方式：QQ群：123456
联系电话：123456
地址：沈北路53号


相似答案：


可能答案：
学校的QQ群是多少
 
Date:05:35:14 	 IP:127.0.0.1 	 account=null 	 content=学校联系电话 	 relevance=null 	 result=最佳答案：
北软联系方式：
QQ群：123456
联系电话：123456
地址：沈北路53号

相似答案：


可能答案：
学校的QQ群是多少
 
Date:05:36:12 	 IP:127.0.0.1 	 account=null 	 content=学校联系电话 	 relevance=null 	 result=最佳答案：
北软联系方式：
QQ群：123456
联系电话：123456
地址：沈北路53号

相似答案：


可能答案：
学校的QQ群是多少
 
Date:05:36:21 	 IP:127.0.0.1 	 account=null 	 content=学校联系电话 	 relevance=null 	 result=最佳答案：
沈阳北软信息职业技术学院联系方式有以下几种
QQ群：123456
联系电话：123456
地址：沈北路53号

相似答案：


可能答案：
学校的QQ群是多少
 
