Date:10:09:13 	 IP:127.0.0.1 	 account=null 	 content=刘伟松老师的联系电话 	 relevance=null 	 result=最佳答案：
刘伟松老师的联系电话是13579

相似答案：


可能答案：
学校联系电话是多少
 
Date:10:09:33 	 IP:127.0.0.1 	 account=null 	 content=刘伟松老师的联系电话 	 relevance=null 	 result=最佳答案：
刘伟松老师的联系电话是13579

相似答案：


可能答案：
学校联系电话是多少
 
Date:10:09:38 	 IP:127.0.0.1 	 account=null 	 content=田晓光老师的联系电话 	 relevance=null 	 result=最佳答案：
田晓光老师的联系电话是24680

相似答案：


可能答案：
学校联系电话是多少
 
Date:10:09:45 	 IP:127.0.0.1 	 account=null 	 content=刘健老师的联系电话 	 relevance=null 	 result=最佳答案：
刘健老师的联系电话是12345

相似答案：


可能答案：
学校联系电话是多少
 
Date:10:11:27 	 IP:127.0.0.1 	 account=null 	 content=张桂平老师的联系电话 	 relevance=null 	 result=最佳答案：
null

相似答案：


可能答案：
学校联系电话是多少
 
Date:10:13:34 	 IP:127.0.0.1 	 account=null 	 content=张桂平老师的联系电话 	 relevance=null 	 result=最佳答案：
张桂平老师的联系电话是{无数据}

相似答案：


可能答案：
学校联系电话是多少
 
Date:10:17:35 	 IP:127.0.0.1 	 account=null 	 content=刘伟松老师的联系电话 	 relevance=null 	 result=最佳答案：
刘伟松老师的联系电话是13579

相似答案：


可能答案：
学校联系电话是多少
 
