Date:13:36:14 	 IP:127.0.0.1 	 account=null 	 content=查成绩 	 relevance=null 	 result=最佳答案：
查询成绩

相似答案：


可能答案：
 
Date:13:36:21 	 IP:127.0.0.1 	 account=null 	 content=查成绩 	 relevance=null 	 result=最佳答案：
查询成绩

相似答案：


可能答案：
 
Date:13:36:58 	 IP:127.0.0.1 	 account=null 	 content=刘伟松老师的电话是多少 	 relevance=null 	 result=最佳答案：
刘伟松老师的联系电话是13579

相似答案：


可能答案：
沈阳北软信息职业技术学院联系方式有以下几种
QQ群：123456
联系电话：123456
地址：沈北路53号
 
Date:13:37:49 	 IP:127.0.0.1 	 account=null 	 content=查询大一上学期期末成绩 	 relevance=null 	 result=最佳答案：
同学你好，你的成绩为{result}

相似答案：


可能答案：
 
Date:13:38:19 	 IP:127.0.0.1 	 account=null 	 content=1.查询期末成绩 	 relevance=null 	 result=最佳答案：
同学你好，你的成绩为{result}

相似答案：


可能答案：
 
Date:13:40:20 	 IP:127.0.0.1 	 account=null 	 content=刘伟松老师的办公室 	 relevance=null 	 result=最佳答案：
刘伟松老师的办公室在办公楼三楼A303（教务处）

相似答案：


可能答案：
 
Date:13:40:48 	 IP:127.0.0.1 	 account=null 	 content=学校的联系方式 	 relevance=null 	 result=最佳答案：
沈阳北软信息职业技术学院联系方式有以下几种
QQ群：123456
联系电话：123456
地址：沈北路53号

相似答案：
学校的QQ群是多少


可能答案：
学校的网址的多少
 
Date:13:41:35 	 IP:127.0.0.1 	 account=null 	 content=查一下饭卡余额 	 relevance=null 	 result=最佳答案：
查询金额

相似答案：


可能答案：
你的饭卡余额为{result}
 
